2021-12-15 15:40:18,657:INFO:PyCaret Supervised Module
2021-12-15 15:40:18,657:INFO:ML Usecase: classification
2021-12-15 15:40:18,657:INFO:version 2.3.5
2021-12-15 15:40:18,657:INFO:Initializing setup()
2021-12-15 15:40:18,657:INFO:setup(target=label, ml_usecase=classification, available_plots={'parameter': 'Hyperparameters', 'auc': 'AUC', 'confusion_matrix': 'Confusion Matrix', 'threshold': 'Threshold', 'pr': 'Precision Recall', 'error': 'Prediction Error', 'class_report': 'Class Report', 'rfe': 'Feature Selection', 'learning': 'Learning Curve', 'manifold': 'Manifold Learning', 'calibration': 'Calibration Curve', 'vc': 'Validation Curve', 'dimension': 'Dimensions', 'feature': 'Feature Importance', 'feature_all': 'Feature Importance (All)', 'boundary': 'Decision Boundary', 'lift': 'Lift Chart', 'gain': 'Gain Chart', 'tree': 'Decision Tree', 'ks': 'KS Statistic Plot'}, train_size=0.7, test_data=None, preprocess=True, imputation_type=simple, iterative_imputation_iters=5, categorical_features=None, categorical_imputation=constant, categorical_iterative_imputer=lightgbm, ordinal_features=None, high_cardinality_features=None, high_cardinality_method=frequency, numeric_features=None, numeric_imputation=mean, numeric_iterative_imputer=lightgbm, date_features=None, ignore_features=None, normalize=False, normalize_method=zscore, transformation=False, transformation_method=yeo-johnson, handle_unknown_categorical=True, unknown_categorical_method=least_frequent, pca=False, pca_method=linear, pca_components=None, ignore_low_variance=False, combine_rare_levels=False, rare_level_threshold=0.1, bin_numeric_features=None, remove_outliers=False, outliers_threshold=0.05, remove_multicollinearity=False, multicollinearity_threshold=0.9, remove_perfect_collinearity=True, create_clusters=False, cluster_iter=20, polynomial_features=False, polynomial_degree=2, trigonometry_features=False, polynomial_threshold=0.1, group_features=None, group_names=None, feature_selection=False, feature_selection_threshold=0.8, feature_selection_method=classic, feature_interaction=False, feature_ratio=False, interaction_threshold=0.01, fix_imbalance=False, fix_imbalance_method=None, transform_target=False, transform_target_method=box-cox, data_split_shuffle=True, data_split_stratify=False, fold_strategy=stratifiedkfold, fold=10, fold_shuffle=False, fold_groups=None, n_jobs=-1, use_gpu=False, custom_pipeline=None, html=True, session_id=None, log_experiment=False, experiment_name=None, log_plots=False, log_profile=False, log_data=False, silent=True, verbose=True, profile=False, profile_kwargs=None, display=None)
2021-12-15 15:40:18,658:INFO:Checking environment
2021-12-15 15:40:18,658:INFO:python_version: 3.9.6
2021-12-15 15:40:18,658:INFO:python_build: ('tags/v3.9.6:db3ff76', 'Jun 28 2021 15:26:21')
2021-12-15 15:40:18,658:INFO:machine: AMD64
2021-12-15 15:40:18,671:INFO:platform: Windows-10-10.0.19042-SP0
2021-12-15 15:40:18,673:WARNING:cannot find psutil installation. memory not traceable. Install psutil using pip to enable memory logging.
2021-12-15 15:40:18,673:INFO:Checking libraries
2021-12-15 15:40:18,673:INFO:pd==1.3.4
2021-12-15 15:40:18,673:INFO:numpy==1.19.5
2021-12-15 15:40:18,673:INFO:sklearn==0.23.2
2021-12-15 15:40:18,673:INFO:lightgbm==3.3.1
2021-12-15 15:40:18,674:WARNING:catboost not found
2021-12-15 15:40:18,675:WARNING:xgboost not found
2021-12-15 15:40:19,093:INFO:mlflow==1.21.0
2021-12-15 15:40:19,093:INFO:Checking Exceptions
2021-12-15 15:40:19,093:INFO:Declaring global variables
2021-12-15 15:40:19,093:INFO:USI: 3d18
2021-12-15 15:40:19,094:INFO:pycaret_globals: {'prep_pipe', '_all_models', 'fold_shuffle_param', 'fix_imbalance_param', 'experiment__', '_all_models_internal', 'exp_name_log', 'n_jobs_param', '_available_plots', 'logging_param', 'transform_target_param', 'master_model_container', 'stratify_param', 'data_before_preprocess', 'imputation_classifier', 'gpu_param', 'X_test', 'fold_param', 'html_param', 'X', 'create_model_container', 'imputation_regressor', '_internal_pipeline', 'iterative_imputation_iters_param', 'display_container', 'fix_imbalance_method_param', '_all_metrics', 'fold_groups_param_full', 'target_param', 'pycaret_globals', 'y', 'X_train', 'fold_groups_param', 'USI', 'transform_target_method_param', 'fold_generator', 'seed', 'y_train', '_ml_usecase', 'log_plots_param', '_gpu_n_jobs_param', 'y_test'}
2021-12-15 15:40:19,094:INFO:Preparing display monitor
2021-12-15 15:40:19,094:INFO:Preparing display monitor
2021-12-15 15:40:19,102:INFO:Importing libraries
2021-12-15 15:40:19,102:INFO:Copying data for preprocessing
2021-12-15 15:40:19,105:INFO:Declaring preprocessing parameters
2021-12-15 15:40:19,106:INFO:Creating preprocessing pipeline
2021-12-15 15:40:19,112:INFO:Preprocessing pipeline created successfully
2021-12-15 15:40:19,112:ERROR:(Process Exit): setup has been interupted with user command 'quit'. setup must rerun.
2021-12-15 15:40:19,112:INFO:Creating global containers
2021-12-15 15:40:19,114:INFO:Internal pipeline: Pipeline(memory=None, steps=[('empty_step', 'passthrough')], verbose=False)
2021-12-15 15:40:19,301:WARNING:Couldn't import xgboost.XGBClassifier
2021-12-15 15:40:19,303:WARNING:Couldn't import catboost.CatBoostClassifier
2021-12-15 15:40:19,381:WARNING:Couldn't import xgboost.XGBClassifier
2021-12-15 15:40:19,382:WARNING:Couldn't import catboost.CatBoostClassifier
2021-12-15 15:40:19,383:INFO:Creating grid variables
2021-12-15 15:40:19,385:INFO:create_model_container: 0
2021-12-15 15:40:19,385:INFO:master_model_container: 0
2021-12-15 15:40:19,385:INFO:display_container: 1
2021-12-15 15:40:19,390:INFO:Pipeline(memory=None,
         steps=[('dtypes',
                 DataTypes_Auto_infer(categorical_features=[],
                                      display_types=False, features_todrop=[],
                                      id_columns=[],
                                      ml_usecase='classification',
                                      numerical_features=[], target='label',
                                      time_features=[])),
                ('imputer',
                 Simple_Imputer(categorical_strategy='not_available',
                                fill_value_categorical=None,
                                fill_value_numerical=None,
                                numeric_strat...
                ('scaling', 'passthrough'), ('P_transform', 'passthrough'),
                ('binn', 'passthrough'), ('rem_outliers', 'passthrough'),
                ('cluster_all', 'passthrough'),
                ('dummy', Dummify(target='label')),
                ('fix_perfect', Remove_100(target='label')),
                ('clean_names', Clean_Colum_Names()),
                ('feature_select', 'passthrough'), ('fix_multi', 'passthrough'),
                ('dfs', 'passthrough'), ('pca', 'passthrough')],
         verbose=False)
2021-12-15 15:40:19,390:INFO:setup() succesfully completed......................................
2021-12-15 15:40:19,502:INFO:Initializing compare_models()
2021-12-15 15:40:19,502:INFO:compare_models(include=None, fold=None, round=4, cross_validation=True, sort=Accuracy, n_select=3, budget_time=None, turbo=True, errors=ignore, fit_kwargs=None, groups=None, probability_threshold=None, verbose=True, display=None, exclude=None)
2021-12-15 15:40:19,502:INFO:Checking exceptions
2021-12-15 15:40:19,503:INFO:Preparing display monitor
2021-12-15 15:40:19,503:INFO:Preparing display monitor
2021-12-15 15:40:19,515:INFO:Initializing Logistic Regression
2021-12-15 15:40:19,515:INFO:Total runtime is 0.0 minutes
2021-12-15 15:40:19,517:INFO:SubProcess create_model() called ==================================
2021-12-15 15:40:19,518:INFO:Initializing create_model()
2021-12-15 15:40:19,518:INFO:create_model(estimator=lr, fold=StratifiedKFold(n_splits=10, random_state=None, shuffle=False), round=4, cross_validation=True, predict=True, fit_kwargs={}, groups=None, refit=False, verbose=False, system=False, metrics=None, add_to_model_list=True, probability_threshold=None, display=<pycaret.internal.Display.Display object at 0x000001D1C587F6A0>, kwargs={})
2021-12-15 15:40:19,518:INFO:Checking exceptions
2021-12-15 15:40:19,518:INFO:Importing libraries
2021-12-15 15:40:19,518:INFO:Copying training dataset
2021-12-15 15:40:19,518:INFO:Defining folds
2021-12-15 15:40:19,518:INFO:Declaring metric variables
2021-12-15 15:40:19,521:INFO:Importing untrained model
2021-12-15 15:40:19,524:INFO:Logistic Regression Imported succesfully
2021-12-15 15:40:19,529:INFO:Starting cross validation
2021-12-15 15:40:19,529:INFO:Cross validating with StratifiedKFold(n_splits=10, random_state=None, shuffle=False), n_jobs=-1
